# JRE version: OpenJDK Runtime Environment (12.0.1+12) (build 12.0.1+12)
# Java VM: OpenJDK 64-Bit Server VM (12.0.1+12, mixed mode, sharing, tiered, compressed oops, g1 gc, windows-amd64)
Heap:
 garbage-first heap   total 81920K, used 25121K [0x0000000401800000, 0x0000000800000000)
  region size 4096K, 5 young (20480K), 2 survivors (8192K)
 Metaspace       used 35270K, capacity 36001K, committed 36272K, reserved 1081344K
  class space    used 4497K, capacity 4777K, committed 4864K, reserved 1048576K
GC Heap History (10 events):
Event: 2.609 GC heap before
{Heap before GC invocations=5 (full 0):
 garbage-first heap   total 69632K, used 43984K [0x0000000401800000, 0x0000000800000000)
  region size 4096K, 9 young (36864K), 1 survivors (4096K)
 Metaspace       used 27596K, capacity 28238K, committed 28336K, reserved 1075200K
  class space    used 3291K, capacity 3536K, committed 3584K, reserved 1048576K
}
Event: 2.611 GC heap after
{Heap after GC invocations=6 (full 0):
 garbage-first heap   total 69632K, used 11502K [0x0000000401800000, 0x0000000800000000)
  region size 4096K, 1 young (4096K), 1 survivors (4096K)
 Metaspace       used 27596K, capacity 28238K, committed 28336K, reserved 1075200K
  class space    used 3291K, capacity 3536K, committed 3584K, reserved 1048576K
}
Event: 2.768 GC heap before
{Heap before GC invocations=6 (full 0):
 garbage-first heap   total 69632K, used 44270K [0x0000000401800000, 0x0000000800000000)
  region size 4096K, 9 young (36864K), 1 survivors (4096K)
 Metaspace       used 30195K, capacity 30865K, committed 31024K, reserved 1077248K
  class space    used 3685K, capacity 3921K, committed 3968K, reserved 1048576K
}
Event: 2.770 GC heap after
{Heap after GC invocations=7 (full 0):
 garbage-first heap   total 69632K, used 11642K [0x0000000401800000, 0x0000000800000000)
  region size 4096K, 1 young (4096K), 1 survivors (4096K)
 Metaspace       used 30195K, capacity 30865K, committed 31024K, reserved 1077248K
  class space    used 3685K, capacity 3921K, committed 3968K, reserved 1048576K
}
Event: 2.937 GC heap before
{Heap before GC invocations=7 (full 0):
 garbage-first heap   total 69632K, used 44410K [0x0000000401800000, 0x0000000800000000)
  region size 4096K, 9 young (36864K), 1 survivors (4096K)
 Metaspace       used 32923K, capacity 33589K, committed 33712K, reserved 1079296K
  class space    used 4058K, capacity 4317K, committed 4352K, reserved 1048576K
}
Event: 2.941 GC heap after
{Heap after GC invocations=8 (full 0):
 garbage-first heap   total 69632K, used 12194K [0x0000000401800000, 0x0000000800000000)
  region size 4096K, 1 young (4096K), 1 survivors (4096K)
 Metaspace       used 32923K, capacity 33589K, committed 33712K, reserved 1079296K
  class space    used 4058K, capacity 4317K, committed 4352K, reserved 1048576K
}
Event: 3.048 GC heap before
{Heap before GC invocations=8 (full 0):
 garbage-first heap   total 69632K, used 44962K [0x0000000401800000, 0x0000000800000000)
  region size 4096K, 9 young (36864K), 1 survivors (4096K)
 Metaspace       used 34437K, capacity 35163K, committed 35376K, reserved 1079296K
  class space    used 4396K, capacity 4673K, committed 4736K, reserved 1048576K
}
Event: 3.053 GC heap after
{Heap after GC invocations=9 (full 0):
 garbage-first heap   total 69632K, used 14157K [0x0000000401800000, 0x0000000800000000)
  region size 4096K, 2 young (8192K), 2 survivors (8192K)
 Metaspace       used 34437K, capacity 35163K, committed 35376K, reserved 1079296K
  class space    used 4396K, capacity 4673K, committed 4736K, reserved 1048576K
}
Event: 3.103 GC heap before
{Heap before GC invocations=9 (full 0):
 garbage-first heap   total 69632K, used 38733K [0x0000000401800000, 0x0000000800000000)
  region size 4096K, 9 young (36864K), 2 survivors (8192K)
 Metaspace       used 34901K, capacity 35673K, committed 35888K, reserved 1081344K
  class space    used 4465K, capacity 4733K, committed 4736K, reserved 1048576K
}
Event: 3.113 GC heap after
{Heap after GC invocations=10 (full 0):
 garbage-first heap   total 561152K, used 16929K [0x0000000401800000, 0x0000000800000000)
  region size 4096K, 2 young (8192K), 2 survivors (8192K)
 Metaspace       used 34901K, capacity 35673K, committed 35888K, reserved 1081344K
  class space    used 4465K, capacity 4733K, committed 4736K, reserved 1048576K
}

